\BOOKMARK [1][-]{section.1}{Introduction}{}% 1
\BOOKMARK [1][-]{section.2}{LAMMPS}{}% 2
\BOOKMARK [2][-]{subsection.2.1}{Introduction to LAMMPS}{section.2}% 3
\BOOKMARK [2][-]{subsection.2.2}{LAMMPS working methodology}{section.2}% 4
\BOOKMARK [2][-]{subsection.2.3}{Operating systems}{section.2}% 5
\BOOKMARK [2][-]{subsection.2.4}{Pre-compilation instructions}{section.2}% 6
\BOOKMARK [1][-]{section.3}{NUFEB Compilation Instructions}{}% 7
\BOOKMARK [2][-]{subsection.3.1}{Downloading NUFEB}{section.3}% 8
\BOOKMARK [2][-]{subsection.3.2}{Compiling NUFEB}{section.3}% 9
\BOOKMARK [2][-]{subsection.3.3}{Running an Input Script with NUFEB}{section.3}% 10
\BOOKMARK [2][-]{subsection.3.4}{Add the NUFEB Executable to Your Path \(Optional\)}{section.3}% 11
\BOOKMARK [2][-]{subsection.3.5}{Post-processing}{section.3}% 12
\BOOKMARK [1][-]{section.4}{Input Script}{}% 13
\BOOKMARK [2][-]{subsection.4.1}{Input script structure}{section.4}% 14
\BOOKMARK [3][-]{subsubsection.4.1.1}{Initialization}{subsection.4.1}% 15
\BOOKMARK [3][-]{subsubsection.4.1.2}{Microbe and simulation domain definition}{subsection.4.1}% 16
\BOOKMARK [3][-]{subsubsection.4.1.3}{Settings}{subsection.4.1}% 17
\BOOKMARK [3][-]{subsubsection.4.1.4}{Run a simulation}{subsection.4.1}% 18
\BOOKMARK [2][-]{subsection.4.2}{atom\137style command}{section.4}% 19
\BOOKMARK [2][-]{subsection.4.3}{create\137atom command \(atom data file\)}{section.4}% 20
\BOOKMARK [2][-]{subsection.4.4}{diffnugrowth command}{section.4}% 21
\BOOKMARK [2][-]{subsection.4.5}{divide command}{section.4}% 22
\BOOKMARK [2][-]{subsection.4.6}{eps\137extract command}{section.4}% 23
\BOOKMARK [2][-]{subsection.4.7}{death command}{section.4}% 24
\BOOKMARK [2][-]{subsection.4.8}{epsadh command}{section.4}% 25
\BOOKMARK [2][-]{subsection.4.9}{walladh command}{section.4}% 26
\BOOKMARK [2][-]{subsection.4.10}{shear command}{section.4}% 27
\BOOKMARK [2][-]{subsection.4.11}{thermo\137style command}{section.4}% 28
